<?xml version="1.0" encoding="UTF-8"?>
<testng-results ignored="0" total="1" passed="1" failed="0" skipped="0">
  <reporter-output>
  </reporter-output>
  <suite started-at="2026-03-10T16:17:35 IST" name="Default suite" finished-at="2026-03-10T16:17:37 IST" duration-ms="2326">
    <groups>
    </groups>
    <test started-at="2026-03-10T16:17:35 IST" name="Default test" finished-at="2026-03-10T16:17:37 IST" duration-ms="2326">
      <class name="Seleniumtuto.dummy">
        <test-method signature="validateTitle()[pri:0, instance:Seleniumtuto.dummy@11392934]" started-at="2026-03-10T16:17:35 IST" name="validateTitle" finished-at="2026-03-10T16:17:37 IST" duration-ms="2306" status="PASS">
          <reporter-output>
          </reporter-output>
        </test-method> <!-- validateTitle -->
      </class> <!-- Seleniumtuto.dummy -->
    </test> <!-- Default test -->
  </suite> <!-- Default suite -->
</testng-results>
