<?xml version="1.0" encoding="UTF-8"?>
<testng-results ignored="0" total="1" passed="1" failed="0" skipped="0">
  <reporter-output>
  </reporter-output>
  <suite started-at="2026-06-17T20:59:03 IST" name="Default suite" finished-at="2026-06-17T20:59:19 IST" duration-ms="15790">
    <groups>
    </groups>
    <test started-at="2026-06-17T20:59:03 IST" name="Default test" finished-at="2026-06-17T20:59:19 IST" duration-ms="15790">
      <class name="Selenium.actions">
        <test-method is-config="true" signature="setUp()[pri:0, instance:Selenium.actions@4a003cbe]" started-at="2026-06-17T20:59:03 IST" name="setUp" finished-at="2026-06-17T20:59:05 IST" duration-ms="2024" status="PASS">
          <reporter-output>
          </reporter-output>
        </test-method> <!-- setUp -->
        <test-method signature="mouseHover()[pri:0, instance:Selenium.actions@4a003cbe]" started-at="2026-06-17T20:59:05 IST" name="mouseHover" finished-at="2026-06-17T20:59:14 IST" duration-ms="8631" status="PASS">
          <reporter-output>
          </reporter-output>
        </test-method> <!-- mouseHover -->
        <test-method is-config="true" signature="tearDown()[pri:0, instance:Selenium.actions@4a003cbe]" started-at="2026-06-17T20:59:14 IST" name="tearDown" finished-at="2026-06-17T20:59:19 IST" duration-ms="5125" status="PASS">
          <reporter-output>
          </reporter-output>
        </test-method> <!-- tearDown -->
      </class> <!-- Selenium.actions -->
    </test> <!-- Default test -->
  </suite> <!-- Default suite -->
</testng-results>
